<?xml version="1.0" encoding="UTF-8"?>
<testng-results total="1" passed="1" failed="0" skipped="0">
  <reporter-output>
  </reporter-output>
  <suite started-at="2023-06-03T03:44:48Z" name="Default suite" finished-at="2023-06-03T03:44:48Z" duration-ms="51">
    <groups>
    </groups>
    <test started-at="2023-06-03T03:44:48Z" name="Default test" finished-at="2023-06-03T03:44:48Z" duration-ms="51">
      <class name="com.example.day_8.day8_1">
        <test-method signature="f()[pri:0, instance:com.example.day_8.day8_1@1a75e76a]" started-at="2023-06-03T09:14:48Z" name="f" finished-at="2023-06-03T09:14:48Z" duration-ms="21" status="PASS">
          <reporter-output>
          </reporter-output>
        </test-method> <!-- f -->
      </class> <!-- com.example.day_8.day8_1 -->
    </test> <!-- Default test -->
  </suite> <!-- Default suite -->
</testng-results>
