<?xml version="1.0" encoding="UTF-8"?>
<!-- Generated by org.testng.reporters.JUnitXMLReporter -->
<testsuite hostname="LAPTOP-6280ANUC" failures="0" tests="3" name="Default test" time="127.339" errors="0" timestamp="11 Jun 2023 06:02:59 GMT">
  <testcase classname="com.example.day_9.day9_2_3" name="task1" time="19.557"/>
  <testcase classname="com.example.day_9.day9_2_3" name="task2" time="42.469"/>
  <testcase classname="com.example.day_9.day9_2_3" name="task3" time="65.275"/>
</testsuite> <!-- Default test -->
