<?xml version="1.0" encoding="UTF-8"?>
<testng-results total="1" passed="1" failed="0" skipped="0">
  <reporter-output>
  </reporter-output>
  <suite started-at="2023-06-10T15:57:09Z" name="Default suite" finished-at="2023-06-10T15:57:34Z" duration-ms="25883">
    <groups>
    </groups>
    <test started-at="2023-06-10T15:57:09Z" name="Default test" finished-at="2023-06-10T15:57:34Z" duration-ms="25883">
      <class name="com.example.day_6.day7_1">
        <test-method signature="checkTitle()[pri:0, instance:com.example.day_6.day7_1@57a78e3]" started-at="2023-06-10T21:27:09Z" name="checkTitle" finished-at="2023-06-10T21:27:34Z" duration-ms="25829" status="PASS">
          <reporter-output>
          </reporter-output>
        </test-method> <!-- checkTitle -->
      </class> <!-- com.example.day_6.day7_1 -->
    </test> <!-- Default test -->
  </suite> <!-- Default suite -->
</testng-results>
